<?xml version="1.0" encoding="UTF-8"?>
<testsuite name="com.advent20.Day1ReportRepairTest" tests="2" skipped="0" failures="0" errors="0" timestamp="2022-04-20T08:49:20" hostname="DESKTOP-44RH361" time="0.023">
  <properties/>
  <testcase name="checkFor2020ThenMultiply()" classname="com.advent20.Day1ReportRepairTest" time="0.02"/>
  <testcase name="checkFor2020Random()" classname="com.advent20.Day1ReportRepairTest" time="0.001"/>
  <system-out><![CDATA[]]></system-out>
  <system-err><![CDATA[]]></system-err>
</testsuite>
