<?xml version="1.0" encoding="UTF-8"?>
<testsuite name="com.pairprogramming.WordPositionTest" tests="1" skipped="0" failures="0" errors="0" timestamp="2022-05-05T09:12:00" hostname="DESKTOP-44RH361" time="0.016">
  <properties/>
  <testcase name="checkWordPositionMethod()" classname="com.pairprogramming.WordPositionTest" time="0.016"/>
  <system-out><![CDATA[01234567802856734
]]></system-out>
  <system-err><![CDATA[]]></system-err>
</testsuite>
